<?xml version="1.0" encoding="UTF-8"?>
<testsuites name="Cura_TestSuite_Login_001" time="9.475" tests="1" failures="0" errors="0">
   <testsuite name="Cura_TestSuite_Login_001" tests="1" failures="0" errors="0" time="9.475" skipped="0" timestamp="27-01-2024T00:09:52" hostname="prasu - prasamsa" id="Test Suites/CURA_TestSuites/Cura_TestSuite_Login_001">
      <properties>
         <property name="deviceName" value=""/>
         <property name="devicePlatform" value=""/>
         <property name="logFolder" value="C:\\Users\\prasu\\git\\SI-GuidedProject-705017-1705911097\\Reports\\20240127_000945\\CURA_TestSuites\\Cura_TestSuite_Login_001\\20240127_000945"/>
         <property name="logFiles" value="C:\\Users\\prasu\\git\\SI-GuidedProject-705017-1705911097\\Reports\\20240127_000945\\CURA_TestSuites\\Cura_TestSuite_Login_001\\20240127_000945\\execution0.log"/>
         <property name="attachments" value=""/>
         <property name="hostName" value="prasu - prasamsa"/>
         <property name="os" value="Windows 11 64bit"/>
         <property name="katalonVersion" value="9.2.0.212"/>
         <property name="browser" value="Chrome 121.0.0.0"/>
         <property name="hostAddress" value="192.168.29.104"/>
         <property name="sessionId" value="3a9ebad92a131b8120d8110cba14bd4a"/>
         <property name="seleniumVersion" value="3.141.59"/>
         <property name="proxyInformation" value="ProxyInformation { proxyOption=NO_PROXY, proxyServerType=HTTP, username=, password=********, proxyServerAddress=, proxyServerPort=0, executionList=&quot;&quot;, isApplyToDesiredCapabilities=true }"/>
         <property name="platform" value="Windows 11"/>
      </properties>
      <testcase name="Test Cases/TC_CURA_Login_001" time="4.441" classname="Test Cases/TC_CURA_Login_001" status="PASSED">
         <system-out><![CDATA[27-01-2024T00:09:57 - [TEST_CASE][PASSED] - Test Cases/TC_CURA_Login_001: Test Cases/TC_CURA_Login_001

27-01-2024T00:09:57 - [TEST_STEP][PASSED] - click(findTestObject("Object Repository/Cura Pages/CuraPage_Login_OR/Page_CURA Healthcare Service/a_Make Appointment")): Object: 'Object Repository/Cura Pages/CuraPage_Login_OR/Page_CURA Healthcare Service/a_Make Appointment' is clicked on

27-01-2024T00:09:58 - [MESSAGE][PASSED] - Object: 'Object Repository/Cura Pages/CuraPage_Login_OR/Page_CURA Healthcare Service/a_Make Appointment' is clicked on

27-01-2024T00:09:58 - [TEST_STEP][PASSED] - setText(findTestObject("Object Repository/Cura Pages/CuraPage_Login_OR/input_username"), input_username): Text 'John Doe' is set on object 'Object Repository/Cura Pages/CuraPage_Login_OR/input_username'

27-01-2024T00:09:59 - [MESSAGE][PASSED] - Text 'John Doe' is set on object 'Object Repository/Cura Pages/CuraPage_Login_OR/input_username'

27-01-2024T00:09:59 - [TEST_STEP][PASSED] - setText(findTestObject("Object Repository/Cura Pages/CuraPage_Login_OR/input_password"), input_password): Text 'ThisIsNotAPassword' is set on object 'Object Repository/Cura Pages/CuraPage_Login_OR/input_password'

27-01-2024T00:10:00 - [MESSAGE][PASSED] - Text 'ThisIsNotAPassword' is set on object 'Object Repository/Cura Pages/CuraPage_Login_OR/input_password'

27-01-2024T00:10:00 - [TEST_STEP][PASSED] - click(findTestObject("Object Repository/Cura Pages/CuraPage_Login_OR/button_Login")): Object: 'Object Repository/Cura Pages/CuraPage_Login_OR/button_Login' is clicked on

27-01-2024T00:10:01 - [MESSAGE][PASSED] - Object: 'Object Repository/Cura Pages/CuraPage_Login_OR/button_Login' is clicked on]]></system-out>
         <system-err><![CDATA[]]></system-err>
      </testcase>
      <system-out><![CDATA[27-01-2024T00:09:52 - [TEST_SUITE][PASSED] - Cura_TestSuite_Login_001: Test Cases/TC_CURA_Login_001]]></system-out>
      <system-err><![CDATA[]]></system-err>
   </testsuite>
</testsuites>
