<?xml version="1.0" encoding="UTF-8"?>
<testsuites name="Cura_TestSuite_MakeAppointmentvalidation_002" time="28.588" tests="3" failures="0" errors="0">
   <testsuite name="Cura_TestSuite_MakeAppointmentvalidation_002" tests="3" failures="0" errors="0" time="28.588" skipped="0" timestamp="26-01-2024T23:22:48" hostname="prasu - prasamsa" id="Test Suites/CURA_TestSuites/Cura_TestSuite_MakeAppointmentvalidation_002">
      <properties>
         <property name="deviceName" value=""/>
         <property name="devicePlatform" value=""/>
         <property name="logFolder" value="C:\\Users\\prasu\\git\\SI-GuidedProject-705017-1705911097\\Reports\\20240126_232202\\CURA_TestSuites\\Cura_TestSuite_MakeAppointmentvalidation_002\\20240126_232236"/>
         <property name="logFiles" value="C:\\Users\\prasu\\git\\SI-GuidedProject-705017-1705911097\\Reports\\20240126_232202\\CURA_TestSuites\\Cura_TestSuite_MakeAppointmentvalidation_002\\20240126_232236\\execution0.log"/>
         <property name="attachments" value=""/>
         <property name="hostName" value="prasu - prasamsa"/>
         <property name="os" value="Windows 11 64bit"/>
         <property name="katalonVersion" value="9.2.0.212"/>
         <property name="browser" value="Chrome 121.0.0.0"/>
         <property name="hostAddress" value="192.168.29.104"/>
         <property name="sessionId" value="4fcc24f44f944855d28247a394994a5f"/>
         <property name="seleniumVersion" value="3.141.59"/>
         <property name="proxyInformation" value="ProxyInformation { proxyOption=NO_PROXY, proxyServerType=HTTP, username=, password=********, proxyServerAddress=, proxyServerPort=0, executionList=&quot;&quot;, isApplyToDesiredCapabilities=true }"/>
         <property name="platform" value="Windows 11"/>
      </properties>
      <testcase name="Test Cases/TC_CURA_Login_001" time="4.618" classname="Test Cases/TC_CURA_Login_001" status="PASSED">
         <system-out><![CDATA[26-01-2024T23:22:56 - [TEST_CASE][PASSED] - Test Cases/TC_CURA_Login_001: Test Cases/TC_CURA_Login_001

26-01-2024T23:22:56 - [TEST_STEP][PASSED] - click(findTestObject("Object Repository/Cura Pages/CuraPage_Login_OR/Page_CURA Healthcare Service/a_Make Appointment")): Object: 'Object Repository/Cura Pages/CuraPage_Login_OR/Page_CURA Healthcare Service/a_Make Appointment' is clicked on

26-01-2024T23:22:58 - [MESSAGE][PASSED] - Object: 'Object Repository/Cura Pages/CuraPage_Login_OR/Page_CURA Healthcare Service/a_Make Appointment' is clicked on

26-01-2024T23:22:58 - [TEST_STEP][PASSED] - setText(findTestObject("Object Repository/Cura Pages/CuraPage_Login_OR/input_username"), input_username): Text 'John Doe' is set on object 'Object Repository/Cura Pages/CuraPage_Login_OR/input_username'

26-01-2024T23:22:59 - [MESSAGE][PASSED] - Text 'John Doe' is set on object 'Object Repository/Cura Pages/CuraPage_Login_OR/input_username'

26-01-2024T23:22:59 - [TEST_STEP][PASSED] - setText(findTestObject("Object Repository/Cura Pages/CuraPage_Login_OR/input_password"), input_password): Text 'ThisIsNotAPassword' is set on object 'Object Repository/Cura Pages/CuraPage_Login_OR/input_password'

26-01-2024T23:23:00 - [MESSAGE][PASSED] - Text 'ThisIsNotAPassword' is set on object 'Object Repository/Cura Pages/CuraPage_Login_OR/input_password'

26-01-2024T23:23:00 - [TEST_STEP][PASSED] - click(findTestObject("Object Repository/Cura Pages/CuraPage_Login_OR/button_Login")): Object: 'Object Repository/Cura Pages/CuraPage_Login_OR/button_Login' is clicked on

26-01-2024T23:23:01 - [MESSAGE][PASSED] - Object: 'Object Repository/Cura Pages/CuraPage_Login_OR/button_Login' is clicked on]]></system-out>
         <system-err><![CDATA[]]></system-err>
      </testcase>
      <testcase name="Test Cases/TC_CURA_MakeAppointmentvalidation_002" time="13.251" classname="Test Cases/TC_CURA_MakeAppointmentvalidation_002" status="PASSED">
         <system-out><![CDATA[26-01-2024T23:23:01 - [TEST_CASE][PASSED] - Test Cases/TC_CURA_MakeAppointmentvalidation_002: Test Cases/TC_CURA_MakeAppointmentvalidation_002

26-01-2024T23:23:01 - [TEST_STEP][PASSED] - verifyOptionPresentByLabel(findTestObject("Cura Pages/CuraPage_Login_OR/Page_CURA Healthcare Service/Page_CURA Healthcare Service/select_Tokyo CURA Healthcare Center        _5b4107"), "Hongkong CURA Healthcare Center", false, 0): 1 option(s) with label 'Hongkong CURA Healthcare Center' is/are present in object 'Object Repository/Cura Pages/CuraPage_Login_OR/Page_CURA Healthcare Service/Page_CURA Healthcare Service/select_Tokyo CURA Healthcare Center        _5b4107' 

26-01-2024T23:23:01 - [MESSAGE][WARNING] - Timeout '0' is invalid. Using default page load timeout: '30'

26-01-2024T23:23:02 - [MESSAGE][PASSED] - 1 option(s) with label 'Hongkong CURA Healthcare Center' is/are present in object 'Object Repository/Cura Pages/CuraPage_Login_OR/Page_CURA Healthcare Service/Page_CURA Healthcare Service/select_Tokyo CURA Healthcare Center        _5b4107' 

26-01-2024T23:23:02 - [TEST_STEP][PASSED] - selectOptionByValue(findTestObject("Object Repository/Page_CURA Healthcare Service/select_Tokyo CURA Healthcare Center        _5b4107"), "Hongkong CURA Healthcare Center", true): All options with value 'Hongkong CURA Healthcare Center' are selected in object 'Object Repository/Page_CURA Healthcare Service/select_Tokyo CURA Healthcare Center        _5b4107'  using regular expression

26-01-2024T23:23:03 - [MESSAGE][PASSED] - All options with value 'Hongkong CURA Healthcare Center' are selected in object 'Object Repository/Page_CURA Healthcare Service/select_Tokyo CURA Healthcare Center        _5b4107'  using regular expression

26-01-2024T23:23:03 - [TEST_STEP][PASSED] - verifyElementClickable(findTestObject("Object Repository/Page_CURA Healthcare Service/input_hospital_readmission")): Object 'Object Repository/Page_CURA Healthcare Service/input_hospital_readmission' is clickable

26-01-2024T23:23:03 - [MESSAGE][PASSED] - Object 'Object Repository/Page_CURA Healthcare Service/input_hospital_readmission' is clickable

26-01-2024T23:23:03 - [TEST_STEP][PASSED] - click(findTestObject("Object Repository/Page_CURA Healthcare Service/input_hospital_readmission")): Object: 'Object Repository/Page_CURA Healthcare Service/input_hospital_readmission' is clicked on

26-01-2024T23:23:04 - [MESSAGE][PASSED] - Object: 'Object Repository/Page_CURA Healthcare Service/input_hospital_readmission' is clicked on

26-01-2024T23:23:04 - [TEST_STEP][PASSED] - delay(2): Delayed 2 second(s)

26-01-2024T23:23:06 - [MESSAGE][PASSED] - Delayed 2 second(s)

26-01-2024T23:23:06 - [TEST_STEP][PASSED] - unchecked = verifyElementNotChecked(findTestObject("Page_CURA Healthcare Service/input_programs"), 0): Object 'Object Repository/Page_CURA Healthcare Service/input_programs' is not checked

26-01-2024T23:23:06 - [MESSAGE][WARNING] - Timeout '0' is invalid. Using default page load timeout: '30'

26-01-2024T23:23:06 - [MESSAGE][PASSED] - Object 'Object Repository/Page_CURA Healthcare Service/input_programs' is not checked

26-01-2024T23:23:06 - [TEST_STEP][PASSED] - click(findTestObject("Page_CURA Healthcare Service/input_Medicaid_programs")): Object: 'Object Repository/Page_CURA Healthcare Service/input_Medicaid_programs' is clicked on

26-01-2024T23:23:07 - [MESSAGE][PASSED] - Object: 'Object Repository/Page_CURA Healthcare Service/input_Medicaid_programs' is clicked on

26-01-2024T23:23:07 - [TEST_STEP][PASSED] - if (unchecked == "true"): null

26-01-2024T23:23:07 - [TEST_STEP][PASSED] - delay(3): Delayed 3 second(s)

26-01-2024T23:23:10 - [MESSAGE][PASSED] - Delayed 3 second(s)

26-01-2024T23:23:10 - [TEST_STEP][PASSED] - verifyElementChecked(findTestObject("Page_CURA Healthcare Service/input_Medicaid_programs"), 0): Object 'Object Repository/Page_CURA Healthcare Service/input_Medicaid_programs' is checked

26-01-2024T23:23:10 - [MESSAGE][WARNING] - Timeout '0' is invalid. Using default page load timeout: '30'

26-01-2024T23:23:10 - [MESSAGE][PASSED] - Object 'Object Repository/Page_CURA Healthcare Service/input_Medicaid_programs' is checked

26-01-2024T23:23:10 - [TEST_STEP][PASSED] - click(findTestObject("Object Repository/Page_CURA Healthcare Service/span_glyphicon glyphicon-calendar")): Object: 'Object Repository/Page_CURA Healthcare Service/span_glyphicon glyphicon-calendar' is clicked on

26-01-2024T23:23:10 - [MESSAGE][PASSED] - Object: 'Object Repository/Page_CURA Healthcare Service/span_glyphicon glyphicon-calendar' is clicked on

26-01-2024T23:23:10 - [TEST_STEP][PASSED] - click(findTestObject("Object Repository/Page_CURA Healthcare Service/td_17")): Object: 'Object Repository/Page_CURA Healthcare Service/td_17' is clicked on

26-01-2024T23:23:11 - [MESSAGE][PASSED] - Object: 'Object Repository/Page_CURA Healthcare Service/td_17' is clicked on

26-01-2024T23:23:11 - [TEST_STEP][PASSED] - setText(findTestObject("Object Repository/Page_CURA Healthcare Service/textarea_comment"), "Katalon"): Text 'Katalon' is set on object 'Object Repository/Page_CURA Healthcare Service/textarea_comment'

26-01-2024T23:23:12 - [MESSAGE][PASSED] - Text 'Katalon' is set on object 'Object Repository/Page_CURA Healthcare Service/textarea_comment'

26-01-2024T23:23:12 - [TEST_STEP][PASSED] - click(findTestObject("Object Repository/Page_CURA Healthcare Service/button_Book Appointment")): Object: 'Object Repository/Page_CURA Healthcare Service/button_Book Appointment' is clicked on

26-01-2024T23:23:13 - [MESSAGE][PASSED] - Object: 'Object Repository/Page_CURA Healthcare Service/button_Book Appointment' is clicked on

26-01-2024T23:23:13 - [TEST_STEP][PASSED] - click(findTestObject("Object Repository/Page_CURA Healthcare Service/a_Go to Homepage")): Object: 'Object Repository/Page_CURA Healthcare Service/a_Go to Homepage' is clicked on

26-01-2024T23:23:14 - [MESSAGE][PASSED] - Object: 'Object Repository/Page_CURA Healthcare Service/a_Go to Homepage' is clicked on]]></system-out>
         <system-err><![CDATA[]]></system-err>
      </testcase>
      <testcase name="Test Cases/TC_cura logout__003" time="2.99" classname="Test Cases/TC_cura logout__003" status="PASSED">
         <system-out><![CDATA[26-01-2024T23:23:14 - [TEST_CASE][PASSED] - Test Cases/TC_cura logout__003: Test Cases/TC_cura logout__003

26-01-2024T23:23:14 - [TEST_STEP][PASSED] - click(findTestObject("Object Repository/Page_CURA Healthcare Service/amenu-toggle")): Object: 'Object Repository/Page_CURA Healthcare Service/amenu-toggle' is clicked on

26-01-2024T23:23:15 - [MESSAGE][PASSED] - Object: 'Object Repository/Page_CURA Healthcare Service/amenu-toggle' is clicked on

26-01-2024T23:23:15 - [TEST_STEP][PASSED] - verifyElementClickable(findTestObject("Object Repository/Page_CURA Healthcare Service/a_Logout")): Object 'Object Repository/Page_CURA Healthcare Service/a_Logout' is clickable

26-01-2024T23:23:15 - [MESSAGE][PASSED] - Object 'Object Repository/Page_CURA Healthcare Service/a_Logout' is clickable

26-01-2024T23:23:15 - [TEST_STEP][PASSED] - click(findTestObject("Object Repository/Page_CURA Healthcare Service/a_Logout")): Object: 'Object Repository/Page_CURA Healthcare Service/a_Logout' is clicked on

26-01-2024T23:23:16 - [MESSAGE][PASSED] - Object: 'Object Repository/Page_CURA Healthcare Service/a_Logout' is clicked on

26-01-2024T23:23:16 - [TEST_STEP][PASSED] - click(findTestObject("Object Repository/Page_CURA Healthcare Service/amenu-toggle")): Object: 'Object Repository/Page_CURA Healthcare Service/amenu-toggle' is clicked on

26-01-2024T23:23:17 - [MESSAGE][PASSED] - Object: 'Object Repository/Page_CURA Healthcare Service/amenu-toggle' is clicked on

26-01-2024T23:23:17 - [TEST_STEP][PASSED] - verifyElementClickable(findTestObject("Object Repository/Page_CURA Healthcare Service/a_Login")): Object 'Object Repository/Page_CURA Healthcare Service/a_Login' is clickable

26-01-2024T23:23:17 - [MESSAGE][PASSED] - Object 'Object Repository/Page_CURA Healthcare Service/a_Login' is clickable]]></system-out>
         <system-err><![CDATA[]]></system-err>
      </testcase>
      <system-out><![CDATA[26-01-2024T23:22:48 - [TEST_SUITE][PASSED] - Cura_TestSuite_MakeAppointmentvalidation_002: Test Cases/TC_cura logout__003]]></system-out>
      <system-err><![CDATA[]]></system-err>
   </testsuite>
</testsuites>
