<?xml version="1.0" encoding="UTF-8"?>
<testsuites name="Cura_TestSuite_MakeAppointmentvalidation_002" time="1.053" tests="0" failures="0" errors="0">
   <testsuite name="Cura_TestSuite_MakeAppointmentvalidation_002" tests="0" failures="0" errors="0" time="1.053" skipped="0" timestamp="25-01-2024T13:17:34" hostname="prasu - prasamsa" id="Test Suites/CURA_TestSuites/Cura_TestSuite_MakeAppointmentvalidation_002">
      <properties>
         <property name="deviceName" value=""/>
         <property name="devicePlatform" value=""/>
         <property name="logFolder" value="C:\\Users\\prasu\\Katalon Studio\\My First Web UI Project (1)\\Reports\\20240125_131728\\CURA_TestSuites\\Cura_TestSuite_MakeAppointmentvalidation_002\\20240125_131729"/>
         <property name="logFiles" value="C:\\Users\\prasu\\Katalon Studio\\My First Web UI Project (1)\\Reports\\20240125_131728\\CURA_TestSuites\\Cura_TestSuite_MakeAppointmentvalidation_002\\20240125_131729\\execution0.log"/>
         <property name="attachments" value=""/>
         <property name="hostName" value="prasu - prasamsa"/>
         <property name="hostAddress" value="192.168.29.104"/>
         <property name="os" value="Windows 11 64bit"/>
         <property name="katalonVersion" value="9.2.0.212"/>
      </properties>
      <system-out><![CDATA[25-01-2024T13:17:34 - [TEST_SUITE][PASSED] - Cura_TestSuite_MakeAppointmentvalidation_002: null]]></system-out>
      <system-err><![CDATA[]]></system-err>
   </testsuite>
</testsuites>
