<?xml version="1.0" encoding="UTF-8"?>
<testsuites name="Cura_TestSuite_MakeAppointmentvalidation_002" time="24.577" tests="4" failures="0" errors="0">
   <testsuite name="Cura_TestSuite_MakeAppointmentvalidation_002" tests="4" failures="0" errors="0" time="24.577" skipped="0" timestamp="28-01-2024T18:26:14" hostname="prasu - prasamsa" id="Test Suites/CURA_TestSuites/Cura_TestSuite_MakeAppointmentvalidation_002">
      <properties>
         <property name="deviceName" value=""/>
         <property name="devicePlatform" value=""/>
         <property name="logFolder" value="C:\\Users\\prasu\\git\\SI-GuidedProject-705017-1705911097\\Reports\\20240128_182540\\CURA_TestSuites\\Cura_TestSuite_MakeAppointmentvalidation_002\\20240128_182609"/>
         <property name="logFiles" value="C:\\Users\\prasu\\git\\SI-GuidedProject-705017-1705911097\\Reports\\20240128_182540\\CURA_TestSuites\\Cura_TestSuite_MakeAppointmentvalidation_002\\20240128_182609\\execution0.log"/>
         <property name="attachments" value=""/>
         <property name="hostName" value="prasu - prasamsa"/>
         <property name="os" value="Windows 11 64bit"/>
         <property name="katalonVersion" value="9.2.0.212"/>
         <property name="browser" value="Chrome 121.0.0.0"/>
         <property name="hostAddress" value="192.168.29.104"/>
         <property name="sessionId" value="e0739b53b7235aa050e12cb9b367b9c7"/>
         <property name="seleniumVersion" value="3.141.59"/>
         <property name="proxyInformation" value="ProxyInformation { proxyOption=NO_PROXY, proxyServerType=HTTP, username=, password=********, proxyServerAddress=, proxyServerPort=0, executionList=&quot;&quot;, isApplyToDesiredCapabilities=true }"/>
         <property name="platform" value="Windows 11"/>
      </properties>
      <testcase name="Test Cases/TC_CURA_Login_001" time="3.785" classname="Test Cases/TC_CURA_Login_001" status="PASSED">
         <system-out><![CDATA[28-01-2024T18:26:19 - [TEST_CASE][PASSED] - Test Cases/TC_CURA_Login_001: Test Cases/TC_CURA_Login_001

28-01-2024T18:26:19 - [TEST_STEP][PASSED] - click(findTestObject("Object Repository/Cura Pages/CuraPage_Login_OR/Page_CURA Healthcare Service/a_Make Appointment")): Object: 'Object Repository/Cura Pages/CuraPage_Login_OR/Page_CURA Healthcare Service/a_Make Appointment' is clicked on

28-01-2024T18:26:20 - [MESSAGE][PASSED] - Object: 'Object Repository/Cura Pages/CuraPage_Login_OR/Page_CURA Healthcare Service/a_Make Appointment' is clicked on

28-01-2024T18:26:20 - [TEST_STEP][PASSED] - setText(findTestObject("Object Repository/Cura Pages/CuraPage_Login_OR/input_username"), input_username): Text 'John Doe' is set on object 'Object Repository/Cura Pages/CuraPage_Login_OR/input_username'

28-01-2024T18:26:21 - [MESSAGE][PASSED] - Text 'John Doe' is set on object 'Object Repository/Cura Pages/CuraPage_Login_OR/input_username'

28-01-2024T18:26:21 - [TEST_STEP][PASSED] - setText(findTestObject("Object Repository/Cura Pages/CuraPage_Login_OR/input_password"), input_password): Text 'ThisIsNotAPassword' is set on object 'Object Repository/Cura Pages/CuraPage_Login_OR/input_password'

28-01-2024T18:26:21 - [MESSAGE][PASSED] - Text 'ThisIsNotAPassword' is set on object 'Object Repository/Cura Pages/CuraPage_Login_OR/input_password'

28-01-2024T18:26:21 - [TEST_STEP][PASSED] - click(findTestObject("Object Repository/Cura Pages/CuraPage_Login_OR/button_Login")): Object: 'Object Repository/Cura Pages/CuraPage_Login_OR/button_Login' is clicked on

28-01-2024T18:26:23 - [MESSAGE][PASSED] - Object: 'Object Repository/Cura Pages/CuraPage_Login_OR/button_Login' is clicked on]]></system-out>
         <system-err><![CDATA[]]></system-err>
      </testcase>
      <testcase name="Test Cases/TC_CURA_MakeAppointmentvalidation_002" time="11.438" classname="Test Cases/TC_CURA_MakeAppointmentvalidation_002" status="PASSED">
         <system-out><![CDATA[28-01-2024T18:26:23 - [TEST_CASE][PASSED] - Test Cases/TC_CURA_MakeAppointmentvalidation_002: Test Cases/TC_CURA_MakeAppointmentvalidation_002

28-01-2024T18:26:23 - [TEST_STEP][PASSED] - verifyOptionPresentByLabel(findTestObject("Cura Pages/CuraPage_Login_OR/Page_CURA Healthcare Service/Page_CURA Healthcare Service/select_Tokyo CURA Healthcare Center        _5b4107"), "Hongkong CURA Healthcare Center", false, 0): 1 option(s) with label 'Hongkong CURA Healthcare Center' is/are present in object 'Object Repository/Cura Pages/CuraPage_Login_OR/Page_CURA Healthcare Service/Page_CURA Healthcare Service/select_Tokyo CURA Healthcare Center        _5b4107' 

28-01-2024T18:26:23 - [MESSAGE][WARNING] - Timeout '0' is invalid. Using default page load timeout: '30'

28-01-2024T18:26:23 - [MESSAGE][PASSED] - 1 option(s) with label 'Hongkong CURA Healthcare Center' is/are present in object 'Object Repository/Cura Pages/CuraPage_Login_OR/Page_CURA Healthcare Service/Page_CURA Healthcare Service/select_Tokyo CURA Healthcare Center        _5b4107' 

28-01-2024T18:26:23 - [TEST_STEP][PASSED] - selectOptionByValue(findTestObject("Page_CURA Healthcare Service/select_Tokyo CURA Healthcare Center        _5b4107"), "Hongkong CURA Healthcare Center", true): All options with value 'Hongkong CURA Healthcare Center' are selected in object 'Object Repository/Page_CURA Healthcare Service/select_Tokyo CURA Healthcare Center        _5b4107'  using regular expression

28-01-2024T18:26:25 - [MESSAGE][PASSED] - All options with value 'Hongkong CURA Healthcare Center' are selected in object 'Object Repository/Page_CURA Healthcare Service/select_Tokyo CURA Healthcare Center        _5b4107'  using regular expression

28-01-2024T18:26:25 - [TEST_STEP][PASSED] - verifyElementClickable(findTestObject("Page_CURA Healthcare Service/input_hospital_readmission")): Object 'Object Repository/Page_CURA Healthcare Service/input_hospital_readmission' is clickable

28-01-2024T18:26:25 - [MESSAGE][PASSED] - Object 'Object Repository/Page_CURA Healthcare Service/input_hospital_readmission' is clickable

28-01-2024T18:26:25 - [TEST_STEP][PASSED] - click(findTestObject("Object Repository/Page_CURA Healthcare Service/input_hospital_readmission")): Object: 'Object Repository/Page_CURA Healthcare Service/input_hospital_readmission' is clicked on

28-01-2024T18:26:25 - [MESSAGE][PASSED] - Object: 'Object Repository/Page_CURA Healthcare Service/input_hospital_readmission' is clicked on

28-01-2024T18:26:25 - [TEST_STEP][PASSED] - delay(2): Delayed 2 second(s)

28-01-2024T18:26:27 - [MESSAGE][PASSED] - Delayed 2 second(s)

28-01-2024T18:26:27 - [TEST_STEP][PASSED] - unchecked = verifyElementNotChecked(findTestObject("Page_CURA Healthcare Service/input_programs"), 0): Object 'Object Repository/Page_CURA Healthcare Service/input_programs' is not checked

28-01-2024T18:26:27 - [MESSAGE][WARNING] - Timeout '0' is invalid. Using default page load timeout: '30'

28-01-2024T18:26:28 - [MESSAGE][PASSED] - Object 'Object Repository/Page_CURA Healthcare Service/input_programs' is not checked

28-01-2024T18:26:28 - [TEST_STEP][PASSED] - click(findTestObject("Page_CURA Healthcare Service/input_Medicaid_programs")): Object: 'Object Repository/Page_CURA Healthcare Service/input_Medicaid_programs' is clicked on

28-01-2024T18:26:28 - [MESSAGE][PASSED] - Object: 'Object Repository/Page_CURA Healthcare Service/input_Medicaid_programs' is clicked on

28-01-2024T18:26:28 - [TEST_STEP][PASSED] - if (unchecked == "true"): null

28-01-2024T18:26:28 - [TEST_STEP][PASSED] - delay(3): Delayed 3 second(s)

28-01-2024T18:26:31 - [MESSAGE][PASSED] - Delayed 3 second(s)

28-01-2024T18:26:31 - [TEST_STEP][PASSED] - verifyElementChecked(findTestObject("Page_CURA Healthcare Service/input_Medicaid_programs"), 0): Object 'Object Repository/Page_CURA Healthcare Service/input_Medicaid_programs' is checked

28-01-2024T18:26:31 - [MESSAGE][WARNING] - Timeout '0' is invalid. Using default page load timeout: '30'

28-01-2024T18:26:31 - [MESSAGE][PASSED] - Object 'Object Repository/Page_CURA Healthcare Service/input_Medicaid_programs' is checked

28-01-2024T18:26:31 - [TEST_STEP][PASSED] - click(findTestObject("Object Repository/Page_CURA Healthcare Service/span_glyphicon glyphicon-calendar")): Object: 'Object Repository/Page_CURA Healthcare Service/span_glyphicon glyphicon-calendar' is clicked on

28-01-2024T18:26:32 - [MESSAGE][PASSED] - Object: 'Object Repository/Page_CURA Healthcare Service/span_glyphicon glyphicon-calendar' is clicked on

28-01-2024T18:26:32 - [TEST_STEP][PASSED] - click(findTestObject("Object Repository/Page_CURA Healthcare Service/td_17")): Object: 'Object Repository/Page_CURA Healthcare Service/td_17' is clicked on

28-01-2024T18:26:32 - [MESSAGE][PASSED] - Object: 'Object Repository/Page_CURA Healthcare Service/td_17' is clicked on

28-01-2024T18:26:32 - [TEST_STEP][PASSED] - setText(findTestObject("Object Repository/Page_CURA Healthcare Service/textarea_comment"), "Katalon"): Text 'Katalon' is set on object 'Object Repository/Page_CURA Healthcare Service/textarea_comment'

28-01-2024T18:26:33 - [MESSAGE][PASSED] - Text 'Katalon' is set on object 'Object Repository/Page_CURA Healthcare Service/textarea_comment'

28-01-2024T18:26:33 - [TEST_STEP][PASSED] - click(findTestObject("Object Repository/Page_CURA Healthcare Service/button_Book Appointment")): Object: 'Object Repository/Page_CURA Healthcare Service/button_Book Appointment' is clicked on

28-01-2024T18:26:34 - [MESSAGE][PASSED] - Object: 'Object Repository/Page_CURA Healthcare Service/button_Book Appointment' is clicked on]]></system-out>
         <system-err><![CDATA[]]></system-err>
      </testcase>
      <testcase name="Test Cases/History validation__005" time="1.756" classname="Test Cases/History validation__005" status="PASSED">
         <system-out><![CDATA[28-01-2024T18:26:34 - [TEST_CASE][PASSED] - Test Cases/History validation__005: Test Cases/History validation__005

28-01-2024T18:26:34 - [TEST_STEP][PASSED] - click(findTestObject("Object Repository/Page_CURA Healthcare Service/amenu-toggle")): Object: 'Object Repository/Page_CURA Healthcare Service/amenu-toggle' is clicked on

28-01-2024T18:26:35 - [MESSAGE][PASSED] - Object: 'Object Repository/Page_CURA Healthcare Service/amenu-toggle' is clicked on

28-01-2024T18:26:35 - [TEST_STEP][PASSED] - click(findTestObject("Object Repository/Page_CURA Healthcare Service/a_History")): Object: 'Object Repository/Page_CURA Healthcare Service/a_History' is clicked on

28-01-2024T18:26:35 - [MESSAGE][PASSED] - Object: 'Object Repository/Page_CURA Healthcare Service/a_History' is clicked on

28-01-2024T18:26:35 - [TEST_STEP][PASSED] - verifyElementVisible(findTestObject("Object Repository/Page_CURA Healthcare Service/p_Hongkong CURA Healthcare Center")): Object 'Object Repository/Page_CURA Healthcare Service/p_Hongkong CURA Healthcare Center' is visible

28-01-2024T18:26:36 - [MESSAGE][PASSED] - Object 'Object Repository/Page_CURA Healthcare Service/p_Hongkong CURA Healthcare Center' is visible]]></system-out>
         <system-err><![CDATA[]]></system-err>
      </testcase>
      <testcase name="Test Cases/TC_cura logout__003" time="2.601" classname="Test Cases/TC_cura logout__003" status="PASSED">
         <system-out><![CDATA[28-01-2024T18:26:36 - [TEST_CASE][PASSED] - Test Cases/TC_cura logout__003: Test Cases/TC_cura logout__003

28-01-2024T18:26:36 - [TEST_STEP][PASSED] - click(findTestObject("Object Repository/Page_CURA Healthcare Service/amenu-toggle")): Object: 'Object Repository/Page_CURA Healthcare Service/amenu-toggle' is clicked on

28-01-2024T18:26:36 - [MESSAGE][PASSED] - Object: 'Object Repository/Page_CURA Healthcare Service/amenu-toggle' is clicked on

28-01-2024T18:26:36 - [TEST_STEP][PASSED] - verifyElementClickable(findTestObject("Object Repository/Page_CURA Healthcare Service/a_Logout")): Object 'Object Repository/Page_CURA Healthcare Service/a_Logout' is clickable

28-01-2024T18:26:37 - [MESSAGE][PASSED] - Object 'Object Repository/Page_CURA Healthcare Service/a_Logout' is clickable

28-01-2024T18:26:37 - [TEST_STEP][PASSED] - click(findTestObject("Object Repository/Page_CURA Healthcare Service/a_Logout")): Object: 'Object Repository/Page_CURA Healthcare Service/a_Logout' is clicked on

28-01-2024T18:26:38 - [MESSAGE][PASSED] - Object: 'Object Repository/Page_CURA Healthcare Service/a_Logout' is clicked on

28-01-2024T18:26:38 - [TEST_STEP][PASSED] - click(findTestObject("Object Repository/Page_CURA Healthcare Service/amenu-toggle")): Object: 'Object Repository/Page_CURA Healthcare Service/amenu-toggle' is clicked on

28-01-2024T18:26:38 - [MESSAGE][PASSED] - Object: 'Object Repository/Page_CURA Healthcare Service/amenu-toggle' is clicked on

28-01-2024T18:26:38 - [TEST_STEP][PASSED] - verifyElementClickable(findTestObject("Object Repository/Page_CURA Healthcare Service/a_Login")): Object 'Object Repository/Page_CURA Healthcare Service/a_Login' is clickable

28-01-2024T18:26:39 - [MESSAGE][PASSED] - Object 'Object Repository/Page_CURA Healthcare Service/a_Login' is clickable]]></system-out>
         <system-err><![CDATA[]]></system-err>
      </testcase>
      <system-out><![CDATA[28-01-2024T18:26:14 - [TEST_SUITE][PASSED] - Cura_TestSuite_MakeAppointmentvalidation_002: Test Cases/TC_cura logout__003]]></system-out>
      <system-err><![CDATA[]]></system-err>
   </testsuite>
</testsuites>
