<?xml version="1.0" encoding="UTF-8"?>
<testsuites name="Cura_TestSuite_MakeAppointmentvalidation_002" time="24.702" tests="1" failures="0" errors="0">
   <testsuite name="Cura_TestSuite_MakeAppointmentvalidation_002" tests="1" failures="0" errors="0" time="24.702" skipped="0" timestamp="25-01-2024T13:18:59" hostname="prasu - prasamsa" id="Test Suites/CURA_TestSuites/Cura_TestSuite_MakeAppointmentvalidation_002">
      <properties>
         <property name="deviceName" value=""/>
         <property name="devicePlatform" value=""/>
         <property name="logFolder" value="C:\\Users\\prasu\\Katalon Studio\\My First Web UI Project (1)\\Reports\\20240125_131853\\CURA_TestSuites\\Cura_TestSuite_MakeAppointmentvalidation_002\\20240125_131854"/>
         <property name="logFiles" value="C:\\Users\\prasu\\Katalon Studio\\My First Web UI Project (1)\\Reports\\20240125_131853\\CURA_TestSuites\\Cura_TestSuite_MakeAppointmentvalidation_002\\20240125_131854\\execution0.log"/>
         <property name="attachments" value=""/>
         <property name="hostName" value="prasu - prasamsa"/>
         <property name="os" value="Windows 11 64bit"/>
         <property name="katalonVersion" value="9.2.0.212"/>
         <property name="browser" value="Chrome 120.0.0.0"/>
         <property name="hostAddress" value="192.168.29.104"/>
         <property name="sessionId" value="d287c70541082b1ae613dee528a9e5f1"/>
         <property name="seleniumVersion" value="3.141.59"/>
         <property name="proxyInformation" value="ProxyInformation { proxyOption=NO_PROXY, proxyServerType=HTTP, username=, password=********, proxyServerAddress=, proxyServerPort=0, executionList=&quot;&quot;, isApplyToDesiredCapabilities=true }"/>
         <property name="platform" value="Windows 11"/>
      </properties>
      <testcase name="Test Cases/TC_CURA_MakeAppointmentvalidation_002" time="20.54" classname="Test Cases/TC_CURA_MakeAppointmentvalidation_002" status="PASSED">
         <system-out><![CDATA[25-01-2024T13:19:03 - [TEST_CASE][PASSED] - Test Cases/TC_CURA_MakeAppointmentvalidation_002: Test Cases/TC_CURA_MakeAppointmentvalidation_002

25-01-2024T13:19:03 - [TEST_STEP][PASSED] - Start listener action : sampleBeforeTestCase: Current window maximized

25-01-2024T13:19:03 - [TEST_STEP][PASSED] - openBrowser(""): Browser is opened with url: ''

25-01-2024T13:19:03 - [MESSAGE][WARNING] - A browser is already opened. Closing browser and opening a new one

25-01-2024T13:19:04 - [MESSAGE][INFO] - Starting 'Chrome' driver

25-01-2024T13:19:04 - [MESSAGE][INFO] - Action delay is set to 0 milliseconds

25-01-2024T13:19:04 - [MESSAGE][PASSED] - Browser is opened with url: ''

25-01-2024T13:19:04 - [TEST_STEP][PASSED] - navigateToUrl("https://katalon-demo-cura.herokuapp.com/"): Navigate to 'https://katalon-demo-cura.herokuapp.com/' successfully

25-01-2024T13:19:07 - [MESSAGE][PASSED] - Navigate to 'https://katalon-demo-cura.herokuapp.com/' successfully

25-01-2024T13:19:07 - [TEST_STEP][PASSED] - maximizeWindow(): Current window maximized

25-01-2024T13:19:07 - [MESSAGE][PASSED] - Current window maximized

25-01-2024T13:19:07 - [TEST_STEP][PASSED] - click(findTestObject("Object Repository/Page_CURA Healthcare Service/a_Make Appointment")): Object: 'Object Repository/Page_CURA Healthcare Service/a_Make Appointment' is clicked on

25-01-2024T13:19:08 - [MESSAGE][PASSED] - Object: 'Object Repository/Page_CURA Healthcare Service/a_Make Appointment' is clicked on

25-01-2024T13:19:08 - [TEST_STEP][PASSED] - setText(findTestObject("Object Repository/Page_CURA Healthcare Service/input_username"), "John Doe"): Text 'John Doe' is set on object 'Object Repository/Page_CURA Healthcare Service/input_username'

25-01-2024T13:19:08 - [MESSAGE][PASSED] - Text 'John Doe' is set on object 'Object Repository/Page_CURA Healthcare Service/input_username'

25-01-2024T13:19:08 - [TEST_STEP][PASSED] - setEncryptedText(findTestObject("Object Repository/Page_CURA Healthcare Service/input_password"), "g3/DOGG74jC3Flrr3yH+3D/yKbOqqUNM"): Text ****** has been set on object 'Object Repository/Page_CURA Healthcare Service/input_password'

25-01-2024T13:19:09 - [MESSAGE][PASSED] - Text ****** has been set on object 'Object Repository/Page_CURA Healthcare Service/input_password'

25-01-2024T13:19:09 - [TEST_STEP][PASSED] - verifyElementClickable(findTestObject("Object Repository/Page_CURA Healthcare Service/button_Login")): Object 'Object Repository/Page_CURA Healthcare Service/button_Login' is clickable

25-01-2024T13:19:09 - [MESSAGE][PASSED] - Object 'Object Repository/Page_CURA Healthcare Service/button_Login' is clickable

25-01-2024T13:19:09 - [TEST_STEP][PASSED] - click(findTestObject("Object Repository/Page_CURA Healthcare Service/button_Login")): Object: 'Object Repository/Page_CURA Healthcare Service/button_Login' is clicked on

25-01-2024T13:19:10 - [MESSAGE][PASSED] - Object: 'Object Repository/Page_CURA Healthcare Service/button_Login' is clicked on

25-01-2024T13:19:10 - [TEST_STEP][PASSED] - verifyOptionPresentByLabel(findTestObject("Cura Pages/CuraPage_Login_OR/Page_CURA Healthcare Service/Page_CURA Healthcare Service/select_Tokyo CURA Healthcare Center        _5b4107"), "Hongkong CURA Healthcare Center", false, 0): 1 option(s) with label 'Hongkong CURA Healthcare Center' is/are present in object 'Object Repository/Cura Pages/CuraPage_Login_OR/Page_CURA Healthcare Service/Page_CURA Healthcare Service/select_Tokyo CURA Healthcare Center        _5b4107' 

25-01-2024T13:19:10 - [MESSAGE][WARNING] - Timeout '0' is invalid. Using default page load timeout: '30'

25-01-2024T13:19:10 - [MESSAGE][PASSED] - 1 option(s) with label 'Hongkong CURA Healthcare Center' is/are present in object 'Object Repository/Cura Pages/CuraPage_Login_OR/Page_CURA Healthcare Service/Page_CURA Healthcare Service/select_Tokyo CURA Healthcare Center        _5b4107' 

25-01-2024T13:19:10 - [TEST_STEP][PASSED] - selectOptionByValue(findTestObject("Object Repository/Page_CURA Healthcare Service/select_Tokyo CURA Healthcare Center        _5b4107"), "Hongkong CURA Healthcare Center", true): All options with value 'Hongkong CURA Healthcare Center' are selected in object 'Object Repository/Page_CURA Healthcare Service/select_Tokyo CURA Healthcare Center        _5b4107'  using regular expression

25-01-2024T13:19:11 - [MESSAGE][PASSED] - All options with value 'Hongkong CURA Healthcare Center' are selected in object 'Object Repository/Page_CURA Healthcare Service/select_Tokyo CURA Healthcare Center        _5b4107'  using regular expression

25-01-2024T13:19:11 - [TEST_STEP][PASSED] - verifyElementClickable(findTestObject("Object Repository/Page_CURA Healthcare Service/input_hospital_readmission")): Object 'Object Repository/Page_CURA Healthcare Service/input_hospital_readmission' is clickable

25-01-2024T13:19:11 - [MESSAGE][PASSED] - Object 'Object Repository/Page_CURA Healthcare Service/input_hospital_readmission' is clickable

25-01-2024T13:19:11 - [TEST_STEP][PASSED] - click(findTestObject("Object Repository/Page_CURA Healthcare Service/input_hospital_readmission")): Object: 'Object Repository/Page_CURA Healthcare Service/input_hospital_readmission' is clicked on

25-01-2024T13:19:12 - [MESSAGE][PASSED] - Object: 'Object Repository/Page_CURA Healthcare Service/input_hospital_readmission' is clicked on

25-01-2024T13:19:12 - [TEST_STEP][PASSED] - delay(5): Delayed 5 second(s)

25-01-2024T13:19:17 - [MESSAGE][PASSED] - Delayed 5 second(s)

25-01-2024T13:19:17 - [TEST_STEP][PASSED] - unchecked = verifyElementNotChecked(findTestObject("Page_CURA Healthcare Service/input_programs"), 0): Object 'Object Repository/Page_CURA Healthcare Service/input_programs' is not checked

25-01-2024T13:19:17 - [MESSAGE][WARNING] - Timeout '0' is invalid. Using default page load timeout: '30'

25-01-2024T13:19:17 - [MESSAGE][PASSED] - Object 'Object Repository/Page_CURA Healthcare Service/input_programs' is not checked

25-01-2024T13:19:17 - [TEST_STEP][PASSED] - click(findTestObject("Page_CURA Healthcare Service/input_Medicaid_programs")): Object: 'Object Repository/Page_CURA Healthcare Service/input_Medicaid_programs' is clicked on

25-01-2024T13:19:17 - [MESSAGE][PASSED] - Object: 'Object Repository/Page_CURA Healthcare Service/input_Medicaid_programs' is clicked on

25-01-2024T13:19:17 - [TEST_STEP][PASSED] - if (unchecked == "true"): null

25-01-2024T13:19:17 - [TEST_STEP][PASSED] - delay(3): Delayed 3 second(s)

25-01-2024T13:19:20 - [MESSAGE][PASSED] - Delayed 3 second(s)

25-01-2024T13:19:20 - [TEST_STEP][PASSED] - verifyElementChecked(findTestObject("Page_CURA Healthcare Service/input_Medicaid_programs"), 0): Object 'Object Repository/Page_CURA Healthcare Service/input_Medicaid_programs' is checked

25-01-2024T13:19:21 - [MESSAGE][WARNING] - Timeout '0' is invalid. Using default page load timeout: '30'

25-01-2024T13:19:21 - [MESSAGE][PASSED] - Object 'Object Repository/Page_CURA Healthcare Service/input_Medicaid_programs' is checked

25-01-2024T13:19:21 - [TEST_STEP][PASSED] - click(findTestObject("Object Repository/Page_CURA Healthcare Service/span_glyphicon glyphicon-calendar")): Object: 'Object Repository/Page_CURA Healthcare Service/span_glyphicon glyphicon-calendar' is clicked on

25-01-2024T13:19:21 - [MESSAGE][PASSED] - Object: 'Object Repository/Page_CURA Healthcare Service/span_glyphicon glyphicon-calendar' is clicked on

25-01-2024T13:19:21 - [TEST_STEP][PASSED] - click(findTestObject("Object Repository/Page_CURA Healthcare Service/td_17")): Object: 'Object Repository/Page_CURA Healthcare Service/td_17' is clicked on

25-01-2024T13:19:22 - [MESSAGE][PASSED] - Object: 'Object Repository/Page_CURA Healthcare Service/td_17' is clicked on

25-01-2024T13:19:22 - [TEST_STEP][PASSED] - setText(findTestObject("Object Repository/Page_CURA Healthcare Service/textarea_comment"), "Katalon"): Text 'Katalon' is set on object 'Object Repository/Page_CURA Healthcare Service/textarea_comment'

25-01-2024T13:19:22 - [MESSAGE][PASSED] - Text 'Katalon' is set on object 'Object Repository/Page_CURA Healthcare Service/textarea_comment'

25-01-2024T13:19:22 - [TEST_STEP][PASSED] - click(findTestObject("Object Repository/Page_CURA Healthcare Service/button_Book Appointment")): Object: 'Object Repository/Page_CURA Healthcare Service/button_Book Appointment' is clicked on

25-01-2024T13:19:23 - [MESSAGE][PASSED] - Object: 'Object Repository/Page_CURA Healthcare Service/button_Book Appointment' is clicked on

25-01-2024T13:19:23 - [TEST_STEP][PASSED] - click(findTestObject("Object Repository/Page_CURA Healthcare Service/a_Go to Homepage")): Object: 'Object Repository/Page_CURA Healthcare Service/a_Go to Homepage' is clicked on

25-01-2024T13:19:24 - [MESSAGE][PASSED] - Object: 'Object Repository/Page_CURA Healthcare Service/a_Go to Homepage' is clicked on

25-01-2024T13:19:24 - [TEST_STEP][PASSED] - Start listener action : sampleAfterTestCase: Browser is closed

25-01-2024T13:19:24 - [TEST_STEP][PASSED] - println(testCaseContext.getTestCaseId()): null

25-01-2024T13:19:24 - [TEST_STEP][PASSED] - println(testCaseContext.getTestCaseStatus()): null

25-01-2024T13:19:24 - [TEST_STEP][PASSED] - closeBrowser(): Browser is closed

25-01-2024T13:19:24 - [MESSAGE][PASSED] - Browser is closed]]></system-out>
         <system-err><![CDATA[]]></system-err>
      </testcase>
      <system-out><![CDATA[25-01-2024T13:18:59 - [TEST_SUITE][PASSED] - Cura_TestSuite_MakeAppointmentvalidation_002: Test Cases/TC_CURA_MakeAppointmentvalidation_002]]></system-out>
      <system-err><![CDATA[]]></system-err>
   </testsuite>
</testsuites>
