<?xml version="1.0" encoding="UTF-8"?>
<testsuites name="Cura_TestSuite_Login_001" time="10.982" tests="1" failures="0" errors="0">
   <testsuite name="Cura_TestSuite_Login_001" tests="1" failures="0" errors="0" time="10.982" skipped="0" timestamp="24-01-2024T19:49:53" hostname="prasu - prasamsa" id="Test Suites/CURA_TestSuites/Cura_TestSuite_Login_001">
      <properties>
         <property name="deviceName" value=""/>
         <property name="devicePlatform" value=""/>
         <property name="logFolder" value="C:\\Users\\prasu\\Katalon Studio\\My First Web UI Project (1)\\Reports\\20240124_194946\\CURA_TestSuites\\Cura_TestSuite_Login_001\\20240124_194946"/>
         <property name="logFiles" value="C:\\Users\\prasu\\Katalon Studio\\My First Web UI Project (1)\\Reports\\20240124_194946\\CURA_TestSuites\\Cura_TestSuite_Login_001\\20240124_194946\\execution0.log"/>
         <property name="attachments" value=""/>
         <property name="hostName" value="prasu - prasamsa"/>
         <property name="os" value="Windows 11 64bit"/>
         <property name="katalonVersion" value="9.2.0.212"/>
         <property name="browser" value="Chrome 120.0.0.0"/>
         <property name="hostAddress" value="192.168.29.104"/>
         <property name="sessionId" value="556b602f2508772f4fc6ca9a0db69de1"/>
         <property name="seleniumVersion" value="3.141.59"/>
         <property name="proxyInformation" value="ProxyInformation { proxyOption=NO_PROXY, proxyServerType=HTTP, username=, password=********, proxyServerAddress=, proxyServerPort=0, executionList=&quot;&quot;, isApplyToDesiredCapabilities=true }"/>
         <property name="platform" value="Windows 11"/>
      </properties>
      <testcase name="Test Cases/TC_CURA_Login_001" time="10.769" classname="Test Cases/TC_CURA_Login_001" status="PASSED">
         <system-out><![CDATA[24-01-2024T19:49:53 - [TEST_CASE][PASSED] - Test Cases/TC_CURA_Login_001: Test Cases/TC_CURA_Login_001

24-01-2024T19:49:53 - [TEST_STEP][PASSED] - Start listener action : sampleBeforeTestCase: null

24-01-2024T19:49:53 - [TEST_STEP][PASSED] - println(testCaseContext.getTestCaseId()): null

24-01-2024T19:49:53 - [TEST_STEP][PASSED] - println(testCaseContext.getTestCaseVariables()): null

24-01-2024T19:49:53 - [TEST_STEP][PASSED] - openBrowser(""): Browser is opened with url: ''

24-01-2024T19:49:53 - [MESSAGE][INFO] - Starting 'Chrome' driver

24-01-2024T19:49:54 - [MESSAGE][INFO] - Action delay is set to 0 milliseconds

24-01-2024T19:49:55 - [MESSAGE][PASSED] - Browser is opened with url: ''

24-01-2024T19:49:55 - [TEST_STEP][PASSED] - navigateToUrl("https://katalon-demo-cura.herokuapp.com/"): Navigate to 'https://katalon-demo-cura.herokuapp.com/' successfully

24-01-2024T19:49:58 - [MESSAGE][PASSED] - Navigate to 'https://katalon-demo-cura.herokuapp.com/' successfully

24-01-2024T19:49:58 - [TEST_STEP][PASSED] - click(findTestObject("Object Repository/Cura Pages/CuraPage_Login_OR/Page_CURA Healthcare Service/a_Make Appointment")): Object: 'Object Repository/Cura Pages/CuraPage_Login_OR/Page_CURA Healthcare Service/a_Make Appointment' is clicked on

24-01-2024T19:49:59 - [MESSAGE][PASSED] - Object: 'Object Repository/Cura Pages/CuraPage_Login_OR/Page_CURA Healthcare Service/a_Make Appointment' is clicked on

24-01-2024T19:49:59 - [TEST_STEP][PASSED] - setText(findTestObject("Object Repository/Cura Pages/CuraPage_Login_OR/input_username"), input_username): Text 'John Doe' is set on object 'Object Repository/Cura Pages/CuraPage_Login_OR/input_username'

24-01-2024T19:50:00 - [MESSAGE][PASSED] - Text 'John Doe' is set on object 'Object Repository/Cura Pages/CuraPage_Login_OR/input_username'

24-01-2024T19:50:00 - [TEST_STEP][PASSED] - setText(findTestObject("Object Repository/Cura Pages/CuraPage_Login_OR/input_password"), input_password): Text 'ThisIsNotAPassword' is set on object 'Object Repository/Cura Pages/CuraPage_Login_OR/input_password'

24-01-2024T19:50:01 - [MESSAGE][PASSED] - Text 'ThisIsNotAPassword' is set on object 'Object Repository/Cura Pages/CuraPage_Login_OR/input_password'

24-01-2024T19:50:01 - [TEST_STEP][PASSED] - click(findTestObject("Object Repository/Cura Pages/CuraPage_Login_OR/button_Login")): Object: 'Object Repository/Cura Pages/CuraPage_Login_OR/button_Login' is clicked on

24-01-2024T19:50:02 - [MESSAGE][PASSED] - Object: 'Object Repository/Cura Pages/CuraPage_Login_OR/button_Login' is clicked on

24-01-2024T19:50:02 - [TEST_STEP][PASSED] - delay(1): Delayed 1 second(s)

24-01-2024T19:50:03 - [MESSAGE][PASSED] - Delayed 1 second(s)

24-01-2024T19:50:03 - [TEST_STEP][PASSED] - closeBrowser(): Browser is closed

24-01-2024T19:50:04 - [MESSAGE][PASSED] - Browser is closed

24-01-2024T19:50:04 - [TEST_STEP][PASSED] - Start listener action : sampleAfterTestCase: null

24-01-2024T19:50:04 - [TEST_STEP][PASSED] - println(testCaseContext.getTestCaseId()): null

24-01-2024T19:50:04 - [TEST_STEP][PASSED] - println(testCaseContext.getTestCaseStatus()): null]]></system-out>
         <system-err><![CDATA[]]></system-err>
      </testcase>
      <system-out><![CDATA[24-01-2024T19:49:53 - [TEST_SUITE][PASSED] - Cura_TestSuite_Login_001: Test Cases/TC_CURA_Login_001]]></system-out>
      <system-err><![CDATA[]]></system-err>
   </testsuite>
</testsuites>
