<?xml version="1.0" encoding="UTF-8"?>
<testsuites name="Cura_TestSuite_Login_001" time="11.789" tests="1" failures="0" errors="0">
   <testsuite name="Cura_TestSuite_Login_001" tests="1" failures="0" errors="0" time="11.789" skipped="0" timestamp="25-01-2024T13:02:56" hostname="prasu - prasamsa" id="Test Suites/CURA_TestSuites/Cura_TestSuite_Login_001">
      <properties>
         <property name="deviceName" value=""/>
         <property name="devicePlatform" value=""/>
         <property name="logFolder" value="C:\\Users\\prasu\\Katalon Studio\\My First Web UI Project (1)\\Reports\\20240125_130246\\CURA_TestSuites\\Cura_TestSuite_Login_001\\20240125_130247"/>
         <property name="logFiles" value="C:\\Users\\prasu\\Katalon Studio\\My First Web UI Project (1)\\Reports\\20240125_130246\\CURA_TestSuites\\Cura_TestSuite_Login_001\\20240125_130247\\execution0.log"/>
         <property name="attachments" value=""/>
         <property name="hostName" value="prasu - prasamsa"/>
         <property name="os" value="Windows 11 64bit"/>
         <property name="katalonVersion" value="9.2.0.212"/>
         <property name="browser" value="Chrome 120.0.0.0"/>
         <property name="hostAddress" value="192.168.29.104"/>
         <property name="sessionId" value="3a4fe839b0bdf3da285853229e305b63"/>
         <property name="seleniumVersion" value="3.141.59"/>
         <property name="proxyInformation" value="ProxyInformation { proxyOption=NO_PROXY, proxyServerType=HTTP, username=, password=********, proxyServerAddress=, proxyServerPort=0, executionList=&quot;&quot;, isApplyToDesiredCapabilities=true }"/>
         <property name="platform" value="Windows 11"/>
      </properties>
      <testcase name="Test Cases/TC_CURA_Login_001" time="11.582" classname="Test Cases/TC_CURA_Login_001" status="PASSED">
         <system-out><![CDATA[25-01-2024T13:02:57 - [TEST_CASE][PASSED] - Test Cases/TC_CURA_Login_001: Test Cases/TC_CURA_Login_001

25-01-2024T13:02:57 - [TEST_STEP][PASSED] - Start listener action : sampleBeforeTestCase: Current window maximized

25-01-2024T13:02:57 - [TEST_STEP][PASSED] - openBrowser(""): Browser is opened with url: ''

25-01-2024T13:02:57 - [MESSAGE][INFO] - Starting 'Chrome' driver

25-01-2024T13:02:57 - [MESSAGE][INFO] - Action delay is set to 0 milliseconds

25-01-2024T13:02:58 - [MESSAGE][PASSED] - Browser is opened with url: ''

25-01-2024T13:02:58 - [TEST_STEP][PASSED] - navigateToUrl("https://katalon-demo-cura.herokuapp.com/"): Navigate to 'https://katalon-demo-cura.herokuapp.com/' successfully

25-01-2024T13:03:01 - [MESSAGE][PASSED] - Navigate to 'https://katalon-demo-cura.herokuapp.com/' successfully

25-01-2024T13:03:01 - [TEST_STEP][PASSED] - maximizeWindow(): Current window maximized

25-01-2024T13:03:01 - [MESSAGE][PASSED] - Current window maximized

25-01-2024T13:03:01 - [TEST_STEP][PASSED] - openBrowser(""): Browser is opened with url: ''

25-01-2024T13:03:01 - [MESSAGE][WARNING] - A browser is already opened. Closing browser and opening a new one

25-01-2024T13:03:01 - [MESSAGE][INFO] - Starting 'Chrome' driver

25-01-2024T13:03:01 - [MESSAGE][INFO] - Action delay is set to 0 milliseconds

25-01-2024T13:03:02 - [MESSAGE][PASSED] - Browser is opened with url: ''

25-01-2024T13:03:02 - [TEST_STEP][PASSED] - navigateToUrl("https://katalon-demo-cura.herokuapp.com/"): Navigate to 'https://katalon-demo-cura.herokuapp.com/' successfully

25-01-2024T13:03:04 - [MESSAGE][PASSED] - Navigate to 'https://katalon-demo-cura.herokuapp.com/' successfully

25-01-2024T13:03:04 - [TEST_STEP][PASSED] - click(findTestObject("Object Repository/Cura Pages/CuraPage_Login_OR/Page_CURA Healthcare Service/a_Make Appointment")): Object: 'Object Repository/Cura Pages/CuraPage_Login_OR/Page_CURA Healthcare Service/a_Make Appointment' is clicked on

25-01-2024T13:03:05 - [MESSAGE][PASSED] - Object: 'Object Repository/Cura Pages/CuraPage_Login_OR/Page_CURA Healthcare Service/a_Make Appointment' is clicked on

25-01-2024T13:03:05 - [TEST_STEP][PASSED] - setText(findTestObject("Object Repository/Cura Pages/CuraPage_Login_OR/input_username"), input_username): Text 'John Doe' is set on object 'Object Repository/Cura Pages/CuraPage_Login_OR/input_username'

25-01-2024T13:03:06 - [MESSAGE][PASSED] - Text 'John Doe' is set on object 'Object Repository/Cura Pages/CuraPage_Login_OR/input_username'

25-01-2024T13:03:06 - [TEST_STEP][PASSED] - setText(findTestObject("Object Repository/Cura Pages/CuraPage_Login_OR/input_password"), input_password): Text 'ThisIsNotAPassword' is set on object 'Object Repository/Cura Pages/CuraPage_Login_OR/input_password'

25-01-2024T13:03:06 - [MESSAGE][PASSED] - Text 'ThisIsNotAPassword' is set on object 'Object Repository/Cura Pages/CuraPage_Login_OR/input_password'

25-01-2024T13:03:06 - [TEST_STEP][PASSED] - click(findTestObject("Object Repository/Cura Pages/CuraPage_Login_OR/button_Login")): Object: 'Object Repository/Cura Pages/CuraPage_Login_OR/button_Login' is clicked on

25-01-2024T13:03:07 - [MESSAGE][PASSED] - Object: 'Object Repository/Cura Pages/CuraPage_Login_OR/button_Login' is clicked on

25-01-2024T13:03:07 - [TEST_STEP][PASSED] - delay(1): Delayed 1 second(s)

25-01-2024T13:03:08 - [MESSAGE][PASSED] - Delayed 1 second(s)

25-01-2024T13:03:08 - [TEST_STEP][PASSED] - closeBrowser(): Browser is closed

25-01-2024T13:03:08 - [MESSAGE][PASSED] - Browser is closed

25-01-2024T13:03:08 - [TEST_STEP][PASSED] - Start listener action : sampleAfterTestCase: Browser is closed

25-01-2024T13:03:08 - [TEST_STEP][PASSED] - println(testCaseContext.getTestCaseId()): null

25-01-2024T13:03:08 - [TEST_STEP][PASSED] - println(testCaseContext.getTestCaseStatus()): null

25-01-2024T13:03:08 - [TEST_STEP][PASSED] - closeBrowser(): Browser is closed

25-01-2024T13:03:08 - [MESSAGE][PASSED] - Browser is closed]]></system-out>
         <system-err><![CDATA[]]></system-err>
      </testcase>
      <system-out><![CDATA[25-01-2024T13:02:56 - [TEST_SUITE][PASSED] - Cura_TestSuite_Login_001: Test Cases/TC_CURA_Login_001]]></system-out>
      <system-err><![CDATA[]]></system-err>
   </testsuite>
</testsuites>
